2026-01-07 10:57:34|   0.0|  0.0|INFORM|Current FME version: FME 2025.0.3.0 (20250602 - Build 25241 - WIN64)
2026-01-07 10:57:34|   0.0|  0.0|INFORM|System Time: 20260107095735 UTC
2026-01-07 10:57:34|   0.0|  0.0|INFORM|FME_HOME is 'C:\Program Files\FME\'
2026-01-07 10:57:34|   0.0|  0.0|INFORM|FME Form (floating)
2026-01-07 10:57:34|   0.0|  0.0|INFORM|Permanent License.
2026-01-07 10:57:34|   0.0|  0.0|INFORM|Machine host name is: DESKTOP-BIEK64S
2026-01-07 10:57:34|   0.0|  0.0|INFORM|OS Locale Name     : en_CH
2026-01-07 10:57:34|   0.0|  0.0|INFORM|OS Locale Encoding : windows-1252
2026-01-07 10:57:34|   0.0|  0.0|INFORM|Process Encoding   : UTF-8
2026-01-07 10:57:34|   0.0|  0.0|INFORM|FME API version: '4.0 20240722'
2026-01-07 10:57:34|   0.0|  0.0|INFORM|FME Configuration: FME_BASE is 'no'
2026-01-07 10:57:34|   0.0|  0.0|INFORM|FME Configuration: FME_MF_DIR is 'C:\Users\DavidRasner\Documents\GitHub\OpenBuildings\tools\volume-estimator\fme/'
2026-01-07 10:57:34|   0.0|  0.0|INFORM|FME Configuration: FME_MF_NAME is 'Volume Estimator FME.fmw'
2026-01-07 10:57:34|   0.0|  0.0|INFORM|FME Configuration: FME_PRODUCT_NAME is 'FME(R) 2025.0.3.0'
2026-01-07 10:57:34|   0.0|  0.0|INFORM|Operating System: Microsoft Windows 10 64-bit  (Build 19045)
2026-01-07 10:57:34|   0.0|  0.0|INFORM|FME Platform: WIN64
2026-01-07 10:57:34|   0.0|  0.0|INFORM|System Status: 153.75 GB of disk space available in the FME temporary folder (C:\Users\DAVIDR~1\AppData\Local\Temp\wbrun_1767776528345_19904\fmetmp_2)
2026-01-07 10:57:34|   0.0|  0.0|INFORM|System Status: 31.72 GB of physical memory available
2026-01-07 10:57:34|   0.0|  0.0|INFORM|System Status: 126.88 GB of virtual memory available
2026-01-07 10:57:34|   0.0|  0.0|INFORM|START - ProcessID: 11888, peak process memory usage: 42300 kB, current process memory usage: 42300 kB
2026-01-07 10:57:34|   0.0|  0.0|INFORM|FME Configuration: Command line arguments are `C:\Program Files\FME\fme.exe' `C:\Users\DavidRasner\Documents\GitHub\OpenBuildings\tools\volume-estimator\fme\wb-xlate-1767779853979_19904' `--FME_LAUNCH_VIEWER_APP' `WORKBENCH' `LOG_STANDARDOUT' `YES' `LOG_TIMINGS' `YES' `LogCountServerName' `61926' `LOG_STANDARDOUT' `No' `WORKBENCH_LOG_SERVER' `60128'
2026-01-07 10:57:34|   0.0|  0.0|INFORM|FME Configuration: Connection Storage: 'C:\Users\DavidRasner\AppData\Roaming\Safe Software\FME\'
2026-01-07 10:57:35|   0.0|  0.0|INFORM|Shared folders for formats are : C:\Program Files\FME\datasources;C:\Users\DavidRasner\AppData\Roaming\Safe Software\FME\FME Store\Formats;C:\Users\DavidRasner\Documents\FME\Formats
2026-01-07 10:57:35|   0.0|  0.0|INFORM|Shared folders for transformers are : C:\Users\DavidRasner\AppData\Roaming\Safe Software\FME\Packages\25241-win64\transformers;C:\Program Files\FME\transformers;C:\Users\DavidRasner\AppData\Roaming\Safe Software\FME\FME Store\Transformers
2026-01-07 10:57:35|   0.0|  0.0|INFORM|Shared folders for coordinate systems are : C:\Users\DavidRasner\Documents\FME\CoordinateSystems
2026-01-07 10:57:35|   0.0|  0.0|INFORM|Shared folders for coordinate system exceptions are : C:\Users\DavidRasner\Documents\FME\CoordinateSystemExceptions
2026-01-07 10:57:35|   0.0|  0.0|INFORM|Shared folders for coordinate system grid overrides are : C:\Users\DavidRasner\Documents\FME\CoordinateSystemGridOverrides
2026-01-07 10:57:35|   0.0|  0.0|INFORM|Shared folders for CS-MAP transformation exceptions are : C:\Users\DavidRasner\Documents\FME\CsmapTransformationExceptions
2026-01-07 10:57:35|   0.0|  0.0|INFORM|Shared folders for transformer categories are : C:\Users\DavidRasner\Documents\FME\TransformerCategories
2026-01-07 10:57:35|   0.0|  0.0|INFORM|FME Configuration: No destination coordinate system set
2026-01-07 10:57:35|   0.0|  0.0|INFORM|FME Configuration: Current working folder is `C:\Users\DavidRasner\Documents\GitHub\OpenBuildings\tools\volume-estimator\fme'
2026-01-07 10:57:35|   0.0|  0.0|INFORM|FME Configuration: Temporary folder is `C:\Users\DAVIDR~1\AppData\Local\Temp\wbrun_1767776528345_19904\fmetmp_2', set from environment variable `FME_TEMP'
2026-01-07 10:57:35|   0.0|  0.0|INFORM|FME Configuration: Cache folder is 'C:\Users\DAVIDR~1\AppData\Local\Temp'
2026-01-07 10:57:35|   0.0|  0.0|INFORM|FME Configuration: FME_HOME is `C:\Program Files\FME\'
2026-01-07 10:57:35|   0.0|  0.0|INFORM|FME Configuration: Start freeing memory when the process exceeds 95.16 GB
2026-01-07 10:57:35|   0.0|  0.0|INFORM|FME Configuration: Stop freeing memory when the process is below 71.37 GB
2026-01-07 10:57:35|   0.0|  0.0|INFORM|Creating writer for format: 
2026-01-07 10:57:35|   0.1|  0.1|INFORM|Creating reader for format: 
2026-01-07 10:57:35|   0.2|  0.1|INFORM|MULTI_READER(MULTI_READER): Will fail with first member reader failure
2026-01-07 10:57:35|   0.2|  0.0|INFORM|Using Multi Reader with keyword `MULTI_READER' to read multiple datasets
2026-01-07 10:57:35|   0.2|  0.0|INFORM|Using MultiWriter with keyword `MULTI_DEST' to output data (ID_ATTRIBUTE is `multi_writer_id')
2026-01-07 10:57:35|   0.2|  0.0|INFORM|FME Configuration: Using FME Reprojection Engine
2026-01-07 10:57:35|   0.2|  0.0|INFORM|StatisticsCalculator (StatisticsCalculatorFactory): The following statistics will be calculated 'ele_base.min,ele_base.max,ele_base.mean'
2026-01-07 10:57:35|   0.2|  0.0|INFORM|Emptying factory pipeline
2026-01-07 10:57:35|   0.2|  0.0|STATS |Restoring 1 feature(s) from FME feature store file `C:\Users\DAVIDR~1\AppData\Local\Temp\wb-cache-Volume Estimator FME-rMxLKz\Main_Creator_3 -1 108 fo 0 CREATED  0  3e27807898907a719e4ce483d712e8d5c1e3d57b.ffs'
2026-01-07 10:57:35|   0.2|  0.0|INFORM|Creating reader for format: Directory and File Pathnames
2026-01-07 10:57:35|   0.2|  0.0|INFORM|Trying to find a DYNAMIC plugin for reader named `PATH'
2026-01-07 10:57:35|   0.2|  0.0|INFORM|FeatureReader_4 (QueryFactory): Performing query against PATH dataset `D:\SwissAlti3D'
2026-01-07 10:57:35|   0.2|  0.0|INFORM|Creating reader for format: Directory and File Pathnames
2026-01-07 10:57:35|   0.2|  0.0|INFORM|Trying to find a DYNAMIC plugin for reader named `PATH'
2026-01-07 10:57:35|   0.3|  0.1|INFORM|Creating reader for format: Directory and File Pathnames
2026-01-07 10:57:35|   0.3|  0.0|INFORM|Trying to find a DYNAMIC plugin for reader named `PATH'
2026-01-07 10:57:35|   0.3|  0.0|INFORM|Path Reader: Opening the PATH Reader on folder 'D:\SwissAlti3D'
2026-01-07 10:57:35|   0.3|  0.0|INFORM|Path Reader: Using Glob Pattern '*'
2026-01-07 10:57:35|   0.3|  0.0|INFORM|Path Reader: Allowed Path Type set to 'ANY'
2026-01-07 10:57:35|   0.3|  0.0|INFORM|Path Reader: Recurse into subfolders 'false'
2026-01-07 10:57:35|   0.3|  0.0|INFORM|Path Reader: Hidden Files and Folders set to 'INCLUDE'
2026-01-07 10:57:35|   0.3|  0.0|INFORM|Path Reader: Retrieve file properties 'false'
2026-01-07 10:57:35|   0.3|  0.0|INFORM|Path Reader: Closing the PATH Reader
2026-01-07 10:57:35|   0.3|  0.0|INFORM|Merged 1 schema features read from 1 datasets into 1 resulting feature types
2026-01-07 10:57:35|   0.3|  0.0|INFORM|Path Reader: Opening the PATH Reader on folder 'D:\SwissAlti3D'
2026-01-07 10:57:35|   0.3|  0.0|INFORM|Path Reader: Using Glob Pattern '*'
2026-01-07 10:57:35|   0.3|  0.0|INFORM|Path Reader: Allowed Path Type set to 'ANY'
2026-01-07 10:57:35|   0.3|  0.0|INFORM|Path Reader: Recurse into subfolders 'false'
2026-01-07 10:57:35|   0.3|  0.0|INFORM|Path Reader: Hidden Files and Folders set to 'INCLUDE'
2026-01-07 10:57:35|   0.3|  0.0|INFORM|Path Reader: Retrieve file properties 'false'
2026-01-07 10:57:35|   0.5|  0.2|STATS |Restoring 1 feature(s) from FME feature store file `C:\Users\DAVIDR~1\AppData\Local\Temp\wb-cache-Volume Estimator FME-rMxLKz\Main_AttributeKeeper_3 -1 198 fo 0 OUTPUT  0  399f38b2f008a7f86d21ef86d3c85319480390de.ffs'
2026-01-07 10:57:35|   0.5|  0.0|INFORM|TestFilter_3_<UNFILTERED> Feature Recorder -1 2147614939 (RecorderFactory): Splitting bulk features into individual features
2026-01-07 10:57:35|   0.7|  0.2|INFORM|TestFilter_3_@Value(id) = 6767 Feature Recorder -1 2147680475 (RecorderFactory): Splitting bulk features into individual features
2026-01-07 10:57:36|   0.7|  0.0|INFORM|CS-MAP Reprojector: Transformation will be automatically selected for 'EPSG:4326' -> 'CH1903Plus_1.LV95/01', and is not guaranteed to remain the same in future releases of FME
2026-01-07 10:57:36|   0.7|  0.0|INFORM|Reprojector: Using transformation `CH1903Plus_1_to_WGS84,Inverse(Geocentric)' when reprojecting from EPSG:4326 to CH1903Plus_1.LV95/01
2026-01-07 10:57:36|   0.9|  0.2|INFORM|TestFilter_3_<UNFILTERED> Feature Recorder -1 2147614939 (RecorderFactory): Splitting bulk features into individual features
2026-01-07 10:57:36|   0.9|  0.0|INFORM|Path Reader: Closing the PATH Reader
2026-01-07 10:57:36|   0.9|  0.0|STATS |TestFilter_INPUT (TeeFactory): Cloned 48 input feature(s) into 48 output feature(s)
2026-01-07 10:57:36|   0.9|  0.0|STATS |TestFilter (TestFactory): Tested 48 input feature(s) -- 47 feature(s) passed and 1 feature(s) failed
2026-01-07 10:57:36|   0.9|  0.0|STATS |TestFilter_3_INPUT (TeeFactory): Cloned 2000 input feature(s) into 2000 output feature(s)
2026-01-07 10:57:36|   0.9|  0.0|STATS |TestFilter_3 (TestFactory): Tested 2000 input feature(s) -- 1 feature(s) passed and 1999 feature(s) failed
2026-01-07 10:57:36|   0.9|  0.0|STATS |Reprojector_2 (TeeFactory): Cloned 1 input feature(s) into 1 output feature(s)
2026-01-07 10:57:36|   0.9|  0.0|STATS |Reprojector_2 REPROJECTED Splitter (TeeFactory): Cloned 1 input feature(s) into 2 output feature(s)
2026-01-07 10:57:36|   0.9|  0.0|STATS |BoundingBoxReplacer_3 (TeeFactory): Cloned 1 input feature(s) into 1 output feature(s)
2026-01-07 10:57:36|   0.9|  0.0|STATS |CenterPointExtractor_2_Rejector (ExecuteFunctionFactory): Executed FME Functions on 1 input feature(s) -- 1 feature(s) completed and 0 feature(s) rejected
2026-01-07 10:57:36|   0.9|  0.0|STATS |Rotator_Rejector (ExecuteFunctionFactory): Executed FME Functions on 1 input feature(s) -- 1 feature(s) completed and 0 feature(s) rejected
2026-01-07 10:57:36|   0.9|  0.0|INFORM|Tiler (TilerFactory): Tiling with an automatic tolerance of 5.201526397074273e-9
2026-01-07 10:57:36|   1.0|  0.1|STATS |Rotator_3_Rejector (ExecuteFunctionFactory): Executed FME Functions on 378 input feature(s) -- 378 feature(s) completed and 0 feature(s) rejected
2026-01-07 10:57:36|   1.0|  0.0|INFORM|Clipper (ClipperFactory): Group 1 / 1: Clipping with an automatic tolerance of 5.201527337995764e-9
2026-01-07 10:57:36|   1.1|  0.1|STATS |Restoring 47 feature(s) from FME feature store file `C:\Users\DAVIDR~1\AppData\Local\Temp\wb-cache-Volume Estimator FME-rMxLKz\Main_AttributeKeeper_2 -1 87 fo 0 OUTPUT  0  241d3bcf178036491a74ed4a6f8c1bba87c90263.ffs'
2026-01-07 10:57:36|   1.1|  0.0|INFORM|Clipper (ClipperFactory): Group 1 / 1: Clipping with an automatic tolerance of 5.201527337995764e-9
2026-01-07 10:57:36|   1.2|  0.1|INFORM|... Last line repeated 3 times ...
2026-01-07 10:57:36|   1.2|  0.0|INFORM|Clipper (ClipperFactory): Clipped 111 additional times with automatic tolerances between 5.201527337995764e-9 and 5.201527637300425e-9
2026-01-07 10:57:36|   1.2|  0.0|STATS |GeometryExtractor (GeometryExtractorFactory): Executed FME Functions on 337 input feature(s) -- 337 feature(s) completed and 0 feature(s) rejected
2026-01-07 10:57:36|   1.2|  0.0|STATS |CenterPointReplacer_2 (TeeFactory): Cloned 337 input feature(s) into 337 output feature(s)
2026-01-07 10:57:36|   1.2|  0.0|STATS |CenterPointReplacer_2_router (TestFactory): Tested 0 input feature(s) -- 0 feature(s) passed and 0 feature(s) failed
2026-01-07 10:57:36|   1.2|  0.0|STATS |CenterPointReplacer_2_outputter (TestFactory): Tested 337 input feature(s) -- 0 feature(s) passed and 337 feature(s) failed
2026-01-07 10:57:36|   1.2|  0.0|STATS |AttributeCreator_2 OUTPUT Splitter (TeeFactory): Cloned 337 input feature(s) into 674 output feature(s)
2026-01-07 10:57:36|   1.2|  0.0|STATS |Aggregator_2 (AggregateFactory): Combined 337 input feature(s) into 1 output feature(s), including 0 singleton(s)
2026-01-07 10:57:36|   1.2|  0.0|STATS |Aggregator_2 AGGREGATE Splitter (TeeFactory): Cloned 1 input feature(s) into 2 output feature(s)
2026-01-07 10:57:36|   1.2|  0.0|INFORM|FeatureJoiner_JOINED Feature Recorder -1 2147614834 (RecorderFactory): Splitting bulk features into individual features
2026-01-07 10:57:36|   1.4|  0.2|INFORM|Creating reader for format: GeoTIFF (Geo-referenced Tagged Image File Format)
2026-01-07 10:57:36|   1.4|  0.0|INFORM|Trying to find a DYNAMIC plugin for reader named `GEOTIFF'
2026-01-07 10:57:36|   1.4|  0.0|INFORM|FeatureReader_6 (QueryFactory): Performing query against GEOTIFF dataset `D:\SwissAlti3D\swissalti3d_2025_2600-1224_0.5_2056_5728.tif'
2026-01-07 10:57:36|   1.4|  0.0|INFORM|Creating reader for format: GeoTIFF (Geo-referenced Tagged Image File Format)
2026-01-07 10:57:36|   1.4|  0.0|INFORM|Trying to find a DYNAMIC plugin for reader named `GEOTIFF'
2026-01-07 10:57:36|   1.4|  0.0|INFORM|Creating reader for format: GeoTIFF (Geo-referenced Tagged Image File Format)
2026-01-07 10:57:36|   1.4|  0.0|INFORM|Trying to find a DYNAMIC plugin for reader named `GEOTIFF'
2026-01-07 10:57:36|   1.4|  0.0|INFORM|GEOTIFF reader: Directive '_READ_OFFSETS_IN_CS_UNITS' has value 'No'
2026-01-07 10:57:36|   1.4|  0.0|INFORM|GEOTIFF reader: Directive '_PREFER_FILE_CS_UNITS' has value 'Yes'
2026-01-07 10:57:36|   1.4|  0.0|INFORM|GEOTIFF reader: Directive '_IGNORE_RASTER_TYPE_KEY' has value 'No'
2026-01-07 10:57:36|   1.4|  0.0|INFORM|GEOTIFF reader: Directive '_LENIENT_READ' has value 'Yes'
2026-01-07 10:57:36|   1.4|  0.0|INFORM|GEOTIFF reader: Opening file 'D:\SwissAlti3D\swissalti3d_2025_2600-1224_0.5_2056_5728.tif'
2026-01-07 10:57:36|   1.4|  0.0|INFORM|GEOTIFF reader: Directive '_SCALE_COLOR_TO_STANDARD_BIT_DEPTH' has value 'YES'
2026-01-07 10:57:36|   1.5|  0.1|INFORM|The EPSG number of the FME coordinate system 'CH1903Plus_1.LV95/01' is '2056'
2026-01-07 10:57:36|   1.5|  0.0|INFORM|Merged 1 schema features read from 1 datasets into 1 resulting feature types
2026-01-07 10:57:36|   1.5|  0.0|INFORM|GEOTIFF reader: Directive '_READ_OFFSETS_IN_CS_UNITS' has value 'No'
2026-01-07 10:57:36|   1.5|  0.0|INFORM|GEOTIFF reader: Directive '_PREFER_FILE_CS_UNITS' has value 'Yes'
2026-01-07 10:57:36|   1.5|  0.0|INFORM|GEOTIFF reader: Directive '_IGNORE_RASTER_TYPE_KEY' has value 'No'
2026-01-07 10:57:36|   1.5|  0.0|INFORM|GEOTIFF reader: Directive '_LENIENT_READ' has value 'Yes'
2026-01-07 10:57:36|   1.5|  0.0|INFORM|GEOTIFF reader: Opening file 'D:\SwissAlti3D\swissalti3d_2025_2600-1224_0.5_2056_5728.tif'
2026-01-07 10:57:36|   1.5|  0.0|INFORM|GEOTIFF reader: Directive '_SCALE_COLOR_TO_STANDARD_BIT_DEPTH' has value 'YES'
2026-01-07 10:57:36|   1.5|  0.0|INFORM|GEOTIFF reader: Directive '_APPLY_GCPS' has the value 'NO'
2026-01-07 10:57:36|   1.5|  0.0|INFORM|FME Configuration: Source coordinate system for reader R_2[GEOTIFF] set to `CH1903Plus_1.LV95/01' as read from input data
2026-01-07 10:57:36|   1.5|  0.0|INFORM|Coordinate System `CH1903Plus_1.LV95/01' parameters: CS_NAME=`CH1903Plus_1.LV95/01' DESC_NM=`CH1903+ / LV95' DT_NAME=`CH1903Plus_1' EPSG_QD=`1' GROUP=`SWITZERLAND' MAP_SCL=`1' MAX_LAT=`48' MAX_LNG=`11.05' MIN_LAT=`45.63333333333333' MIN_LNG=`5.4' ORG_LAT=`46.95240555555556' ORG_LNG=`7.439583333333333' PROJ=`SWISS' QUAD=`1' SCL_RED=`1' SOURCE=`EPSG, V6.3, 2056 [Large and medium scale topographic mappi]' UNIT=`Meter' X_OFF=`2600000' Y_OFF=`1200000' ZERO_X=`0.0001' ZERO_Y=`0.0001'
2026-01-07 10:57:36|   1.5|  0.0|INFORM|FeatureJoiner_UNJOINED_RIGHT Feature Recorder -1 2147745906 (RecorderFactory): Splitting bulk features into individual features
2026-01-07 10:57:37|   1.7|  0.2|INFORM|FeatureJoiner_4_JOINED Feature Recorder -1 2147614895 (RecorderFactory): Splitting bulk features into individual features
2026-01-07 10:57:37|   1.7|  0.0|INFORM|Creating reader for format: GeoTIFF (Geo-referenced Tagged Image File Format)
2026-01-07 10:57:37|   1.7|  0.0|INFORM|Trying to find a DYNAMIC plugin for reader named `GEOTIFF'
2026-01-07 10:57:37|   1.7|  0.0|INFORM|FeatureReader_8 (QueryFactory): Performing query against GEOTIFF dataset `D:\swissSURFACE3D\swisssurface3d-raster_2023_2600-1224_0.5_2056_5728.tif'
2026-01-07 10:57:37|   1.7|  0.0|INFORM|Creating reader for format: GeoTIFF (Geo-referenced Tagged Image File Format)
2026-01-07 10:57:37|   1.7|  0.0|INFORM|Trying to find a DYNAMIC plugin for reader named `GEOTIFF'
2026-01-07 10:57:37|   1.7|  0.0|INFORM|Creating reader for format: GeoTIFF (Geo-referenced Tagged Image File Format)
2026-01-07 10:57:37|   1.7|  0.0|INFORM|Trying to find a DYNAMIC plugin for reader named `GEOTIFF'
2026-01-07 10:57:37|   1.7|  0.0|INFORM|GEOTIFF reader: Directive '_READ_OFFSETS_IN_CS_UNITS' has value 'No'
2026-01-07 10:57:37|   1.7|  0.0|INFORM|GEOTIFF reader: Directive '_PREFER_FILE_CS_UNITS' has value 'Yes'
2026-01-07 10:57:37|   1.7|  0.0|INFORM|GEOTIFF reader: Directive '_IGNORE_RASTER_TYPE_KEY' has value 'No'
2026-01-07 10:57:37|   1.7|  0.0|INFORM|GEOTIFF reader: Directive '_LENIENT_READ' has value 'Yes'
2026-01-07 10:57:37|   1.7|  0.0|INFORM|GEOTIFF reader: Opening file 'D:\swissSURFACE3D\swisssurface3d-raster_2023_2600-1224_0.5_2056_5728.tif'
2026-01-07 10:57:37|   1.7|  0.0|INFORM|GEOTIFF reader: Directive '_SCALE_COLOR_TO_STANDARD_BIT_DEPTH' has value 'YES'
2026-01-07 10:57:37|   1.7|  0.0|INFORM|Merged 1 schema features read from 1 datasets into 1 resulting feature types
2026-01-07 10:57:37|   1.8|  0.1|INFORM|GEOTIFF reader: Directive '_READ_OFFSETS_IN_CS_UNITS' has value 'No'
2026-01-07 10:57:37|   1.8|  0.0|INFORM|GEOTIFF reader: Directive '_PREFER_FILE_CS_UNITS' has value 'Yes'
2026-01-07 10:57:37|   1.8|  0.0|INFORM|GEOTIFF reader: Directive '_IGNORE_RASTER_TYPE_KEY' has value 'No'
2026-01-07 10:57:37|   1.8|  0.0|INFORM|GEOTIFF reader: Directive '_LENIENT_READ' has value 'Yes'
2026-01-07 10:57:37|   1.8|  0.0|INFORM|GEOTIFF reader: Opening file 'D:\swissSURFACE3D\swisssurface3d-raster_2023_2600-1224_0.5_2056_5728.tif'
2026-01-07 10:57:37|   1.8|  0.0|INFORM|GEOTIFF reader: Directive '_SCALE_COLOR_TO_STANDARD_BIT_DEPTH' has value 'YES'
2026-01-07 10:57:37|   1.8|  0.0|INFORM|GEOTIFF reader: Directive '_APPLY_GCPS' has the value 'NO'
2026-01-07 10:57:37|   1.8|  0.0|INFORM|FME Configuration: Source coordinate system for reader R_3[GEOTIFF] set to `CH1903Plus_1.LV95/01' as read from input data
2026-01-07 10:57:37|   1.8|  0.0|INFORM|Coordinate System `CH1903Plus_1.LV95/01' parameters: CS_NAME=`CH1903Plus_1.LV95/01' DESC_NM=`CH1903+ / LV95' DT_NAME=`CH1903Plus_1' EPSG_QD=`1' GROUP=`SWITZERLAND' MAP_SCL=`1' MAX_LAT=`48' MAX_LNG=`11.05' MIN_LAT=`45.63333333333333' MIN_LNG=`5.4' ORG_LAT=`46.95240555555556' ORG_LNG=`7.439583333333333' PROJ=`SWISS' QUAD=`1' SCL_RED=`1' SOURCE=`EPSG, V6.3, 2056 [Large and medium scale topographic mappi]' UNIT=`Meter' X_OFF=`2600000' Y_OFF=`1200000' ZERO_X=`0.0001' ZERO_Y=`0.0001'
2026-01-07 10:57:37|   1.9|  0.1|INFORM|FeatureJoiner_4_UNJOINED_RIGHT Feature Recorder -1 2147745967 (RecorderFactory): Splitting bulk features into individual features
2026-01-07 10:57:37|   2.0|  0.1|INFORM|PointOnRasterValueExtractor_2 (VectorOnRasterOverlayFactory): Total of 337 point feature(s) processed
2026-01-07 10:57:37|   2.0|  0.0|INFORM|PointOnRasterValueExtractor_3 (VectorOnRasterOverlayFactory): Total of 337 point feature(s) processed
2026-01-07 10:57:37|   2.0|  0.0|STATS |GeometryReplacer_Rejector (ExecuteFunctionFactory): Executed FME Functions on 337 input feature(s) -- 337 feature(s) completed and 0 feature(s) rejected
2026-01-07 10:57:37|   2.0|  0.0|STATS |GeometryReplacer OUTPUT Splitter (TeeFactory): Cloned 337 input feature(s) into 674 output feature(s)
2026-01-07 10:57:37|   2.1|  0.1|INFORM|StatisticsCalculator (StatisticsCalculatorFactory): Processing complete
2026-01-07 10:57:37|   2.1|  0.0|INFORM|FeatureJoiner_5_JOINED Feature Recorder -1 2147614922 (RecorderFactory): Splitting bulk features into individual features
2026-01-07 10:57:37|   2.2|  0.1|STATS |Extruder_Rejector (ExecuteFunctionFactory): Executed FME Functions on 337 input feature(s) -- 337 feature(s) completed and 0 feature(s) rejected
2026-01-07 10:57:38|   2.5|  0.3|STATS |Destination Feature Type Routing Correlator (RoutingFactory): Tested 337 input feature(s), wrote 337 output feature(s): 0 matched merge filters, 0 were routed to output, 337 could not be routed.
2026-01-07 10:57:38|   2.5|  0.0|STATS |Final Output Nuker (TeeFactory): Cloned 337 input feature(s) into 0 output feature(s)
2026-01-07 10:57:38|   2.5|  0.0|WARN  |=-=-=-=-=-=-=-=-=-=-=-=-=-=-=-=-=-=-=-=-=-=-=-=-=-=-=-=-=-=-=-=-=-=-=-=-=-=-=-
2026-01-07 10:57:38|   2.5|  0.0|WARN  |      Features not written - verify feature type fanout/dynamic settings
2026-01-07 10:57:38|   2.5|  0.0|WARN  |=-=-=-=-=-=-=-=-=-=-=-=-=-=-=-=-=-=-=-=-=-=-=-=-=-=-=-=-=-=-=-=-=-=-=-=-=-=-=-
2026-01-07 10:57:38|   2.5|  0.0|WARN  |  (Check that fanout/dynamic feature type attribute exists and has a value)
2026-01-07 10:57:38|   2.5|  0.0|WARN  |=-=-=-=-=-=-=-=-=-=-=-=-=-=-=-=-=-=-=-=-=-=-=-=-=-=-=-=-=-=-=-=-=-=-=-=-=-=-=-
2026-01-07 10:57:38|   2.5|  0.0|WARN  |                                                                           337
2026-01-07 10:57:38|   2.5|  0.0|WARN  |==============================================================================
2026-01-07 10:57:38|   2.5|  0.0|WARN  |Total features not written                                                 337
2026-01-07 10:57:38|   2.5|  0.0|WARN  |=-=-=-=-=-=-=-=-=-=-=-=-=-=-=-=-=-=-=-=-=-=-=-=-=-=-=-=-=-=-=-=-=-=-=-=-=-=-=-
2026-01-07 10:57:38|   2.5|  0.0|STATS |=-=-=-=-=-=-=-=-=-=-=-=-=-=-=-=-=-=-=-=-=-=-=-=-=-=-=-=-=-=-=-=-=-=-=-=-=-=-=-
2026-01-07 10:57:38|   2.5|  0.0|STATS |                            Features Read Summary
2026-01-07 10:57:38|   2.5|  0.0|STATS |=-=-=-=-=-=-=-=-=-=-=-=-=-=-=-=-=-=-=-=-=-=-=-=-=-=-=-=-=-=-=-=-=-=-=-=-=-=-=-
2026-01-07 10:57:38|   2.5|  0.0|STATS |==============================================================================
2026-01-07 10:57:38|   2.5|  0.0|STATS |Total Features Read                                                          0
2026-01-07 10:57:38|   2.5|  0.0|STATS |=-=-=-=-=-=-=-=-=-=-=-=-=-=-=-=-=-=-=-=-=-=-=-=-=-=-=-=-=-=-=-=-=-=-=-=-=-=-=-
2026-01-07 10:57:38|   2.5|  0.0|STATS |=-=-=-=-=-=-=-=-=-=-=-=-=-=-=-=-=-=-=-=-=-=-=-=-=-=-=-=-=-=-=-=-=-=-=-=-=-=-=-
2026-01-07 10:57:38|   2.5|  0.0|STATS |                           Features Written Summary
2026-01-07 10:57:38|   2.5|  0.0|STATS |=-=-=-=-=-=-=-=-=-=-=-=-=-=-=-=-=-=-=-=-=-=-=-=-=-=-=-=-=-=-=-=-=-=-=-=-=-=-=-
2026-01-07 10:57:38|   2.5|  0.0|STATS |==============================================================================
2026-01-07 10:57:38|   2.5|  0.0|STATS |Total Features Written                                                       0
2026-01-07 10:57:38|   2.5|  0.0|STATS |=-=-=-=-=-=-=-=-=-=-=-=-=-=-=-=-=-=-=-=-=-=-=-=-=-=-=-=-=-=-=-=-=-=-=-=-=-=-=-
2026-01-07 10:57:38|   2.5|  0.0|WARN  |-~-~-~-~-~-~-~-~-~-~-~-~-~-~-~-~-~-~-~-~-~-~-~-~-~-~-~-~-~-~-~-~-~-~-~-~-~-~-~-~-
2026-01-07 10:57:38|   2.5|  0.0|WARN  |-~                                                                             ~-
2026-01-07 10:57:38|   2.5|  0.0|WARN  |-~    Feature caches have been recorded at every stage of the translation.     ~-
2026-01-07 10:57:38|   2.5|  0.0|WARN  |-~                      To inspect the recorded features,                      ~-
2026-01-07 10:57:38|   2.5|  0.0|WARN  |-~              click the feature cache icons next to the ports.               ~-
2026-01-07 10:57:38|   2.5|  0.0|WARN  |-~                                                                             ~-
2026-01-07 10:57:38|   2.5|  0.0|WARN  |-~-~-~-~-~-~-~-~-~-~-~-~-~-~-~-~-~-~-~-~-~-~-~-~-~-~-~-~-~-~-~-~-~-~-~-~-~-~-~-~-
2026-01-07 10:57:38|   2.5|  0.0|INFORM|Translation was SUCCESSFUL with 16 warning(s) (0 feature(s) output)
2026-01-07 10:57:38|   2.5|  0.0|INFORM|FME Session Duration: 3.3 seconds. (CPU: 1.6s user, 0.9s system)
2026-01-07 10:57:38|   2.5|  0.0|INFORM|END - ProcessID: 11888, peak process memory usage: 175144 kB, current process memory usage: 139192 kB
